<?xml version="1.0" encoding="UTF-8"?>
<testng-results skipped="0" failed="2" ignored="0" total="11" passed="9">
  <reporter-output>
  </reporter-output>
  <suite name="Suite" duration-ms="209738" started-at="2017-08-02T06:27:44Z" finished-at="2017-08-02T06:31:14Z">
    <groups>
    </groups>
    <test name="Test" duration-ms="209738" started-at="2017-08-02T06:27:44Z" finished-at="2017-08-02T06:31:14Z">
      <class name="sempra.demo.Store_Locator">
        <test-method status="PASS" signature="beforeClass()[pri:0, instance:sempra.demo.Store_Locator@1936f0f5]" name="beforeClass" is-config="true" duration-ms="16985" started-at="2017-08-02T00:27:44Z" finished-at="2017-08-02T00:28:01Z">
          <reporter-output>
          </reporter-output>
        </test-method> <!-- beforeClass -->
        <test-method status="PASS" signature="i_am_on_www_spectrum_net_portal()[pri:0, instance:sempra.demo.Store_Locator@1936f0f5]" name="i_am_on_www_spectrum_net_portal" duration-ms="19938" started-at="2017-08-02T00:28:01Z" finished-at="2017-08-02T00:28:21Z">
          <reporter-output>
          </reporter-output>
        </test-method> <!-- i_am_on_www_spectrum_net_portal -->
        <test-method status="PASS" signature="i_click_on_the_Locations_link()[pri:0, instance:sempra.demo.Store_Locator@1936f0f5]" name="i_click_on_the_Locations_link" duration-ms="8399" started-at="2017-08-02T00:28:21Z" finished-at="2017-08-02T00:28:29Z">
          <reporter-output>
          </reporter-output>
        </test-method> <!-- i_click_on_the_Locations_link -->
        <test-method status="FAIL" signature="i_enter_zip_code_and_distance_within()[pri:0, instance:sempra.demo.Store_Locator@1936f0f5]" name="i_enter_zip_code_and_distance_within" duration-ms="760" started-at="2017-08-02T00:28:29Z" finished-at="2017-08-02T00:28:30Z">
          <exception class="org.openqa.selenium.WebDriverException">
            <message>
              <![CDATA[unknown error: Element <iframe src="https://www.spectrum.com/browse/content/store-locations-partner" width="960" cd_frame_id_="1d4867553a010d2f1bf8ae186e5f9b40"></iframe> is not clickable at point (715, 415). Other element would receive the click: <form cc-track-view="unauthenticatedrouting.partnersupport.zip.modal" name="zipform" novalidate="" role="form" ng-submit="$ctrl.submit($event, zipform.$valid)" class="ng-pristine ng-valid-zip-code ng-valid-required ng-valid-pattern ng-valid-maxlength ng-submitted ng-invalid ng-invalid-no-footprint" style="">...</form>
  (Session info: chrome=59.0.3071.115)
  (Driver info: chromedriver=2.30.477690 (c53f4ad87510ee97b5c3425a14c0e79780cdf262),platform=Mac OS X 10.12.6 x86_64) (WARNING: The server did not provide any stacktrace information)
Command duration or timeout: 88 milliseconds
Build info: version: '3.4.0', revision: 'unknown', time: 'unknown'
System info: host: 'Wasims-MacBook-Pro.local', ip: '2601:282:900:5750:0:0:0:3', os.name: 'Mac OS X', os.arch: 'x86_64', os.version: '10.12.6', java.version: '1.8.0_121'
Driver info: org.openqa.selenium.chrome.ChromeDriver
Capabilities [{applicationCacheEnabled=false, rotatable=false, mobileEmulationEnabled=false, networkConnectionEnabled=false, chrome={chromedriverVersion=2.30.477690 (c53f4ad87510ee97b5c3425a14c0e79780cdf262), userDataDir=/var/folders/cs/bd1_4p555hl12y3g5sqyb7y00000gn/T/.org.chromium.Chromium.fYsWwR}, takesHeapSnapshot=true, pageLoadStrategy=normal, databaseEnabled=false, handlesAlerts=true, hasTouchScreen=false, version=59.0.3071.115, platform=MAC, browserConnectionEnabled=false, nativeEvents=true, acceptSslCerts=true, locationContextEnabled=true, webStorageEnabled=true, browserName=chrome, takesScreenshot=true, javascriptEnabled=true, cssSelectorsEnabled=true, unexpectedAlertBehaviour=}]
Session ID: ac8b426dc5483d9d7665e7a37f06c2ed
Command duration or timeout: 475 milliseconds]]>
            </message>
            <full-stacktrace>
              <![CDATA[org.openqa.selenium.WebDriverException: unknown error: Element <iframe src="https://www.spectrum.com/browse/content/store-locations-partner" width="960" cd_frame_id_="1d4867553a010d2f1bf8ae186e5f9b40"></iframe> is not clickable at point (715, 415). Other element would receive the click: <form cc-track-view="unauthenticatedrouting.partnersupport.zip.modal" name="zipform" novalidate="" role="form" ng-submit="$ctrl.submit($event, zipform.$valid)" class="ng-pristine ng-valid-zip-code ng-valid-required ng-valid-pattern ng-valid-maxlength ng-submitted ng-invalid ng-invalid-no-footprint" style="">...</form>
  (Session info: chrome=59.0.3071.115)
  (Driver info: chromedriver=2.30.477690 (c53f4ad87510ee97b5c3425a14c0e79780cdf262),platform=Mac OS X 10.12.6 x86_64) (WARNING: The server did not provide any stacktrace information)
Command duration or timeout: 88 milliseconds
Build info: version: '3.4.0', revision: 'unknown', time: 'unknown'
System info: host: 'Wasims-MacBook-Pro.local', ip: '2601:282:900:5750:0:0:0:3', os.name: 'Mac OS X', os.arch: 'x86_64', os.version: '10.12.6', java.version: '1.8.0_121'
Driver info: org.openqa.selenium.chrome.ChromeDriver
Capabilities [{applicationCacheEnabled=false, rotatable=false, mobileEmulationEnabled=false, networkConnectionEnabled=false, chrome={chromedriverVersion=2.30.477690 (c53f4ad87510ee97b5c3425a14c0e79780cdf262), userDataDir=/var/folders/cs/bd1_4p555hl12y3g5sqyb7y00000gn/T/.org.chromium.Chromium.fYsWwR}, takesHeapSnapshot=true, pageLoadStrategy=normal, databaseEnabled=false, handlesAlerts=true, hasTouchScreen=false, version=59.0.3071.115, platform=MAC, browserConnectionEnabled=false, nativeEvents=true, acceptSslCerts=true, locationContextEnabled=true, webStorageEnabled=true, browserName=chrome, takesScreenshot=true, javascriptEnabled=true, cssSelectorsEnabled=true, unexpectedAlertBehaviour=}]
Session ID: ac8b426dc5483d9d7665e7a37f06c2ed
Command duration or timeout: 475 milliseconds
	at sun.reflect.NativeConstructorAccessorImpl.newInstance0(Native Method)
	at sun.reflect.NativeConstructorAccessorImpl.newInstance(NativeConstructorAccessorImpl.java:62)
	at sun.reflect.DelegatingConstructorAccessorImpl.newInstance(DelegatingConstructorAccessorImpl.java:45)
	at java.lang.reflect.Constructor.newInstance(Constructor.java:423)
	at org.openqa.selenium.remote.ErrorHandler.createThrowable(ErrorHandler.java:215)
	at org.openqa.selenium.remote.ErrorHandler.throwIfResponseFailed(ErrorHandler.java:167)
	at org.openqa.selenium.remote.RemoteWebDriver.execute(RemoteWebDriver.java:671)
	at org.openqa.selenium.remote.RemoteWebElement.execute(RemoteWebElement.java:272)
	at org.openqa.selenium.remote.RemoteWebElement.click(RemoteWebElement.java:82)
	at sempra.demo.Store_Locator.i_enter_zip_code_and_distance_within(Store_Locator.java:78)
	at sun.reflect.NativeMethodAccessorImpl.invoke0(Native Method)
	at sun.reflect.NativeMethodAccessorImpl.invoke(NativeMethodAccessorImpl.java:62)
	at sun.reflect.DelegatingMethodAccessorImpl.invoke(DelegatingMethodAccessorImpl.java:43)
	at java.lang.reflect.Method.invoke(Method.java:498)
	at org.testng.internal.MethodInvocationHelper.invokeMethod(MethodInvocationHelper.java:104)
	at org.testng.internal.Invoker.invokeMethod(Invoker.java:645)
	at org.testng.internal.Invoker.invokeTestMethod(Invoker.java:851)
	at org.testng.internal.Invoker.invokeTestMethods(Invoker.java:1177)
	at org.testng.internal.TestMethodWorker.invokeTestMethods(TestMethodWorker.java:129)
	at org.testng.internal.TestMethodWorker.run(TestMethodWorker.java:112)
	at java.util.concurrent.ThreadPoolExecutor.runWorker(ThreadPoolExecutor.java:1142)
	at java.util.concurrent.ThreadPoolExecutor$Worker.run(ThreadPoolExecutor.java:617)
	at java.lang.Thread.run(Thread.java:745)
Caused by: org.openqa.selenium.remote.ScreenshotException: Screen shot has been taken
	at org.openqa.selenium.remote.ErrorHandler.throwIfResponseFailed(ErrorHandler.java:141)
	... 17 more
Caused by: org.openqa.selenium.WebDriverException: unknown error: Element <iframe src="https://www.spectrum.com/browse/content/store-locations-partner" width="960" cd_frame_id_="1d4867553a010d2f1bf8ae186e5f9b40"></iframe> is not clickable at point (715, 415). Other element would receive the click: <form cc-track-view="unauthenticatedrouting.partnersupport.zip.modal" name="zipform" novalidate="" role="form" ng-submit="$ctrl.submit($event, zipform.$valid)" class="ng-pristine ng-valid-zip-code ng-valid-required ng-valid-pattern ng-valid-maxlength ng-submitted ng-invalid ng-invalid-no-footprint" style="">...</form>
  (Session info: chrome=59.0.3071.115)
  (Driver info: chromedriver=2.30.477690 (c53f4ad87510ee97b5c3425a14c0e79780cdf262),platform=Mac OS X 10.12.6 x86_64) (WARNING: The server did not provide any stacktrace information)
Command duration or timeout: 88 milliseconds
Build info: version: '3.4.0', revision: 'unknown', time: 'unknown'
System info: host: 'Wasims-MacBook-Pro.local', ip: '2601:282:900:5750:0:0:0:3', os.name: 'Mac OS X', os.arch: 'x86_64', os.version: '10.12.6', java.version: '1.8.0_121'
Driver info: org.openqa.selenium.chrome.ChromeDriver
Capabilities [{applicationCacheEnabled=false, rotatable=false, mobileEmulationEnabled=false, networkConnectionEnabled=false, chrome={chromedriverVersion=2.30.477690 (c53f4ad87510ee97b5c3425a14c0e79780cdf262), userDataDir=/var/folders/cs/bd1_4p555hl12y3g5sqyb7y00000gn/T/.org.chromium.Chromium.fYsWwR}, takesHeapSnapshot=true, pageLoadStrategy=normal, databaseEnabled=false, handlesAlerts=true, hasTouchScreen=false, version=59.0.3071.115, platform=MAC, browserConnectionEnabled=false, nativeEvents=true, acceptSslCerts=true, locationContextEnabled=true, webStorageEnabled=true, browserName=chrome, takesScreenshot=true, javascriptEnabled=true, cssSelectorsEnabled=true, unexpectedAlertBehaviour=}]
Session ID: ac8b426dc5483d9d7665e7a37f06c2ed
Build info: version: '3.4.0', revision: 'unknown', time: 'unknown'
System info: host: 'Wasims-MacBook-Pro.local', ip: '2601:282:900:5750:0:0:0:3', os.name: 'Mac OS X', os.arch: 'x86_64', os.version: '10.12.6', java.version: '1.8.0_121'
Driver info: driver.version: RemoteWebDriver
	at sun.reflect.NativeConstructorAccessorImpl.newInstance0(Native Method)
	at sun.reflect.NativeConstructorAccessorImpl.newInstance(NativeConstructorAccessorImpl.java:62)
	at sun.reflect.DelegatingConstructorAccessorImpl.newInstance(DelegatingConstructorAccessorImpl.java:45)
	at java.lang.reflect.Constructor.newInstance(Constructor.java:423)
	at org.openqa.selenium.remote.ErrorHandler.createThrowable(ErrorHandler.java:215)
	at org.openqa.selenium.remote.ErrorHandler.throwIfResponseFailed(ErrorHandler.java:167)
	at org.openqa.selenium.remote.RemoteWebDriver.execute(RemoteWebDriver.java:671)
	at org.openqa.selenium.remote.RemoteWebElement.execute(RemoteWebElement.java:272)
	at org.openqa.selenium.remote.RemoteWebElement.click(RemoteWebElement.java:82)
	at sun.reflect.NativeMethodAccessorImpl.invoke0(Native Method)
	at sun.reflect.NativeMethodAccessorImpl.invoke(NativeMethodAccessorImpl.java:62)
	at sun.reflect.DelegatingMethodAccessorImpl.invoke(DelegatingMethodAccessorImpl.java:43)
	at java.lang.reflect.Method.invoke(Method.java:498)
	at org.openqa.selenium.support.events.EventFiringWebDriver$EventFiringWebElement$1.invoke(EventFiringWebDriver.java:332)
	at com.sun.proxy.$Proxy8.click(Unknown Source)
	at org.openqa.selenium.support.events.EventFiringWebDriver$EventFiringWebElement.click(EventFiringWebDriver.java:345)
	at sun.reflect.NativeMethodAccessorImpl.invoke0(Native Method)
	at sun.reflect.NativeMethodAccessorImpl.invoke(NativeMethodAccessorImpl.java:62)
	at sun.reflect.DelegatingMethodAccessorImpl.invoke(DelegatingMethodAccessorImpl.java:43)
	at java.lang.reflect.Method.invoke(Method.java:498)
	at org.openqa.selenium.remote.server.KnownElements$1.invoke(KnownElements.java:64)
	at com.sun.proxy.$Proxy9.click(Unknown Source)
	at org.openqa.selenium.remote.server.handler.ClickElement.call(ClickElement.java:30)
	at org.openqa.selenium.remote.server.handler.ClickElement.call(ClickElement.java:22)
	at java.util.concurrent.FutureTask.run(FutureTask.java:266)
	at org.openqa.selenium.remote.server.DefaultSession$1.run(DefaultSession.java:176)
	... 3 more
]]>
            </full-stacktrace>
          </exception> <!-- org.openqa.selenium.WebDriverException -->
          <reporter-output>
          </reporter-output>
        </test-method> <!-- i_enter_zip_code_and_distance_within -->
        <test-method status="PASS" signature="i_should_be_able_to_see_the_list_of_service_centers_near_me()[pri:0, instance:sempra.demo.Store_Locator@1936f0f5]" name="i_should_be_able_to_see_the_list_of_service_centers_near_me" duration-ms="3354" started-at="2017-08-02T00:28:30Z" finished-at="2017-08-02T00:28:33Z">
          <reporter-output>
          </reporter-output>
        </test-method> <!-- i_should_be_able_to_see_the_list_of_service_centers_near_me -->
        <test-method status="PASS" signature="i_should_be_redirected_to_Spectrum_Service_page()[pri:0, instance:sempra.demo.Store_Locator@1936f0f5]" name="i_should_be_redirected_to_Spectrum_Service_page" duration-ms="332" started-at="2017-08-02T00:28:33Z" finished-at="2017-08-02T00:28:34Z">
          <reporter-output>
          </reporter-output>
        </test-method> <!-- i_should_be_redirected_to_Spectrum_Service_page -->
        <test-method status="PASS" signature="afterClass()[pri:0, instance:sempra.demo.Store_Locator@1936f0f5]" name="afterClass" is-config="true" duration-ms="332" started-at="2017-08-02T00:28:34Z" finished-at="2017-08-02T00:28:34Z">
          <reporter-output>
          </reporter-output>
        </test-method> <!-- afterClass -->
      </class> <!-- sempra.demo.Store_Locator -->
      <class name="sempra.demo.Guide">
        <test-method status="PASS" signature="beforeClass()[pri:0, instance:sempra.demo.Guide@15975490]" name="beforeClass" is-config="true" duration-ms="12125" started-at="2017-08-02T00:27:44Z" finished-at="2017-08-02T00:27:56Z">
          <reporter-output>
          </reporter-output>
        </test-method> <!-- beforeClass -->
        <test-method status="PASS" signature="i_am_on_www_spectrum_net_website()[pri:0, instance:sempra.demo.Guide@15975490]" name="i_am_on_www_spectrum_net_website" duration-ms="22718" started-at="2017-08-02T00:27:56Z" finished-at="2017-08-02T00:28:19Z">
          <reporter-output>
          </reporter-output>
        </test-method> <!-- i_am_on_www_spectrum_net_website -->
        <test-method status="PASS" signature="i_click_on_the_Guide_link()[pri:0, instance:sempra.demo.Guide@15975490]" name="i_click_on_the_Guide_link" duration-ms="167301" started-at="2017-08-02T00:28:19Z" finished-at="2017-08-02T00:31:06Z">
          <reporter-output>
          </reporter-output>
        </test-method> <!-- i_click_on_the_Guide_link -->
        <test-method status="PASS" signature="i_should_be_redirected_to_the_TV_Guide_page()[pri:0, instance:sempra.demo.Guide@15975490]" name="i_should_be_redirected_to_the_TV_Guide_page" duration-ms="7210" started-at="2017-08-02T00:31:06Z" finished-at="2017-08-02T00:31:13Z">
          <reporter-output>
          </reporter-output>
        </test-method> <!-- i_should_be_redirected_to_the_TV_Guide_page -->
        <test-method status="PASS" signature="afterClass()[pri:0, instance:sempra.demo.Guide@15975490]" name="afterClass" is-config="true" duration-ms="374" started-at="2017-08-02T00:31:13Z" finished-at="2017-08-02T00:31:14Z">
          <reporter-output>
          </reporter-output>
        </test-method> <!-- afterClass -->
      </class> <!-- sempra.demo.Guide -->
      <class name="sempra.demo.Login">
        <test-method status="PASS" signature="beforeClass()[pri:0, instance:sempra.demo.Login@6b143ee9]" name="beforeClass" is-config="true" duration-ms="7110" started-at="2017-08-02T00:27:44Z" finished-at="2017-08-02T00:27:51Z">
          <reporter-output>
          </reporter-output>
        </test-method> <!-- beforeClass -->
        <test-method status="PASS" signature="i_am_on_www_spectrum_net_portal_and_I_click_on_Sign_In_button()[pri:0, instance:sempra.demo.Login@6b143ee9]" name="i_am_on_www_spectrum_net_portal_and_I_click_on_Sign_In_button" duration-ms="27885" started-at="2017-08-02T00:27:51Z" finished-at="2017-08-02T00:28:19Z">
          <reporter-output>
          </reporter-output>
        </test-method> <!-- i_am_on_www_spectrum_net_portal_and_I_click_on_Sign_In_button -->
        <test-method status="FAIL" signature="i_enter_valid_autoqa__hoh_charter_net_and_Testing_in_the_textboxes()[pri:0, instance:sempra.demo.Login@6b143ee9]" name="i_enter_valid_autoqa__hoh_charter_net_and_Testing_in_the_textboxes" duration-ms="956" started-at="2017-08-02T00:28:19Z" finished-at="2017-08-02T00:28:20Z">
          <exception class="org.openqa.selenium.NoSuchElementException">
            <message>
              <![CDATA[no such element: Unable to locate element: {"method":"id","selector":"cc-username"}
  (Session info: chrome=59.0.3071.115)
  (Driver info: chromedriver=2.30.477690 (c53f4ad87510ee97b5c3425a14c0e79780cdf262),platform=Mac OS X 10.12.6 x86_64) (WARNING: The server did not provide any stacktrace information)
Command duration or timeout: 27 milliseconds
For documentation on this error, please visit: http://seleniumhq.org/exceptions/no_such_element.html
Build info: version: '3.4.0', revision: 'unknown', time: 'unknown'
System info: host: 'Wasims-MacBook-Pro.local', ip: '2601:282:900:5750:0:0:0:3', os.name: 'Mac OS X', os.arch: 'x86_64', os.version: '10.12.6', java.version: '1.8.0_121'
Driver info: org.openqa.selenium.chrome.ChromeDriver
Capabilities [{applicationCacheEnabled=false, rotatable=false, mobileEmulationEnabled=false, networkConnectionEnabled=false, chrome={chromedriverVersion=2.30.477690 (c53f4ad87510ee97b5c3425a14c0e79780cdf262), userDataDir=/var/folders/cs/bd1_4p555hl12y3g5sqyb7y00000gn/T/.org.chromium.Chromium.5l8HBc}, takesHeapSnapshot=true, pageLoadStrategy=normal, databaseEnabled=false, handlesAlerts=true, hasTouchScreen=false, version=59.0.3071.115, platform=MAC, browserConnectionEnabled=false, nativeEvents=true, acceptSslCerts=true, locationContextEnabled=true, webStorageEnabled=true, browserName=chrome, takesScreenshot=true, javascriptEnabled=true, cssSelectorsEnabled=true, unexpectedAlertBehaviour=}]
Session ID: 3e5d439b4a3d835465b1a3758e7912c5
*** Element info: {Using=id, value=cc-username}
Command duration or timeout: 919 milliseconds]]>
            </message>
            <full-stacktrace>
              <![CDATA[org.openqa.selenium.NoSuchElementException: no such element: Unable to locate element: {"method":"id","selector":"cc-username"}
  (Session info: chrome=59.0.3071.115)
  (Driver info: chromedriver=2.30.477690 (c53f4ad87510ee97b5c3425a14c0e79780cdf262),platform=Mac OS X 10.12.6 x86_64) (WARNING: The server did not provide any stacktrace information)
Command duration or timeout: 27 milliseconds
For documentation on this error, please visit: http://seleniumhq.org/exceptions/no_such_element.html
Build info: version: '3.4.0', revision: 'unknown', time: 'unknown'
System info: host: 'Wasims-MacBook-Pro.local', ip: '2601:282:900:5750:0:0:0:3', os.name: 'Mac OS X', os.arch: 'x86_64', os.version: '10.12.6', java.version: '1.8.0_121'
Driver info: org.openqa.selenium.chrome.ChromeDriver
Capabilities [{applicationCacheEnabled=false, rotatable=false, mobileEmulationEnabled=false, networkConnectionEnabled=false, chrome={chromedriverVersion=2.30.477690 (c53f4ad87510ee97b5c3425a14c0e79780cdf262), userDataDir=/var/folders/cs/bd1_4p555hl12y3g5sqyb7y00000gn/T/.org.chromium.Chromium.5l8HBc}, takesHeapSnapshot=true, pageLoadStrategy=normal, databaseEnabled=false, handlesAlerts=true, hasTouchScreen=false, version=59.0.3071.115, platform=MAC, browserConnectionEnabled=false, nativeEvents=true, acceptSslCerts=true, locationContextEnabled=true, webStorageEnabled=true, browserName=chrome, takesScreenshot=true, javascriptEnabled=true, cssSelectorsEnabled=true, unexpectedAlertBehaviour=}]
Session ID: 3e5d439b4a3d835465b1a3758e7912c5
*** Element info: {Using=id, value=cc-username}
Command duration or timeout: 919 milliseconds
	at sun.reflect.NativeConstructorAccessorImpl.newInstance0(Native Method)
	at sun.reflect.NativeConstructorAccessorImpl.newInstance(NativeConstructorAccessorImpl.java:62)
	at sun.reflect.DelegatingConstructorAccessorImpl.newInstance(DelegatingConstructorAccessorImpl.java:45)
	at java.lang.reflect.Constructor.newInstance(Constructor.java:423)
	at org.openqa.selenium.remote.ErrorHandler.createThrowable(ErrorHandler.java:215)
	at org.openqa.selenium.remote.ErrorHandler.throwIfResponseFailed(ErrorHandler.java:167)
	at org.openqa.selenium.remote.RemoteWebDriver.execute(RemoteWebDriver.java:671)
	at org.openqa.selenium.remote.RemoteWebDriver.findElement(RemoteWebDriver.java:410)
	at org.openqa.selenium.remote.RemoteWebDriver.findElementById(RemoteWebDriver.java:453)
	at org.openqa.selenium.By$ById.findElement(By.java:218)
	at org.openqa.selenium.remote.RemoteWebDriver.findElement(RemoteWebDriver.java:402)
	at sempra.demo.Login.i_enter_valid_autoqa__hoh_charter_net_and_Testing_in_the_textboxes(Login.java:55)
	at sun.reflect.NativeMethodAccessorImpl.invoke0(Native Method)
	at sun.reflect.NativeMethodAccessorImpl.invoke(NativeMethodAccessorImpl.java:62)
	at sun.reflect.DelegatingMethodAccessorImpl.invoke(DelegatingMethodAccessorImpl.java:43)
	at java.lang.reflect.Method.invoke(Method.java:498)
	at org.testng.internal.MethodInvocationHelper.invokeMethod(MethodInvocationHelper.java:104)
	at org.testng.internal.Invoker.invokeMethod(Invoker.java:645)
	at org.testng.internal.Invoker.invokeTestMethod(Invoker.java:851)
	at org.testng.internal.Invoker.invokeTestMethods(Invoker.java:1177)
	at org.testng.internal.TestMethodWorker.invokeTestMethods(TestMethodWorker.java:129)
	at org.testng.internal.TestMethodWorker.run(TestMethodWorker.java:112)
	at java.util.concurrent.ThreadPoolExecutor.runWorker(ThreadPoolExecutor.java:1142)
	at java.util.concurrent.ThreadPoolExecutor$Worker.run(ThreadPoolExecutor.java:617)
	at java.lang.Thread.run(Thread.java:745)
Caused by: org.openqa.selenium.remote.ScreenshotException: Screen shot has been taken
	at org.openqa.selenium.remote.ErrorHandler.throwIfResponseFailed(ErrorHandler.java:141)
	... 19 more
Caused by: org.openqa.selenium.NoSuchElementException: no such element: Unable to locate element: {"method":"id","selector":"cc-username"}
  (Session info: chrome=59.0.3071.115)
  (Driver info: chromedriver=2.30.477690 (c53f4ad87510ee97b5c3425a14c0e79780cdf262),platform=Mac OS X 10.12.6 x86_64) (WARNING: The server did not provide any stacktrace information)
Command duration or timeout: 27 milliseconds
For documentation on this error, please visit: http://seleniumhq.org/exceptions/no_such_element.html
Build info: version: '3.4.0', revision: 'unknown', time: 'unknown'
System info: host: 'Wasims-MacBook-Pro.local', ip: '2601:282:900:5750:0:0:0:3', os.name: 'Mac OS X', os.arch: 'x86_64', os.version: '10.12.6', java.version: '1.8.0_121'
Driver info: org.openqa.selenium.chrome.ChromeDriver
Capabilities [{applicationCacheEnabled=false, rotatable=false, mobileEmulationEnabled=false, networkConnectionEnabled=false, chrome={chromedriverVersion=2.30.477690 (c53f4ad87510ee97b5c3425a14c0e79780cdf262), userDataDir=/var/folders/cs/bd1_4p555hl12y3g5sqyb7y00000gn/T/.org.chromium.Chromium.5l8HBc}, takesHeapSnapshot=true, pageLoadStrategy=normal, databaseEnabled=false, handlesAlerts=true, hasTouchScreen=false, version=59.0.3071.115, platform=MAC, browserConnectionEnabled=false, nativeEvents=true, acceptSslCerts=true, locationContextEnabled=true, webStorageEnabled=true, browserName=chrome, takesScreenshot=true, javascriptEnabled=true, cssSelectorsEnabled=true, unexpectedAlertBehaviour=}]
Session ID: 3e5d439b4a3d835465b1a3758e7912c5
*** Element info: {Using=id, value=cc-username}
For documentation on this error, please visit: http://seleniumhq.org/exceptions/no_such_element.html
Build info: version: '3.4.0', revision: 'unknown', time: 'unknown'
System info: host: 'Wasims-MacBook-Pro.local', ip: '2601:282:900:5750:0:0:0:3', os.name: 'Mac OS X', os.arch: 'x86_64', os.version: '10.12.6', java.version: '1.8.0_121'
Driver info: driver.version: EventFiringWebDriver
	at sun.reflect.NativeConstructorAccessorImpl.newInstance0(Native Method)
	at sun.reflect.NativeConstructorAccessorImpl.newInstance(NativeConstructorAccessorImpl.java:62)
	at sun.reflect.DelegatingConstructorAccessorImpl.newInstance(DelegatingConstructorAccessorImpl.java:45)
	at java.lang.reflect.Constructor.newInstance(Constructor.java:423)
	at org.openqa.selenium.remote.ErrorHandler.createThrowable(ErrorHandler.java:215)
	at org.openqa.selenium.remote.ErrorHandler.throwIfResponseFailed(ErrorHandler.java:167)
	at org.openqa.selenium.remote.RemoteWebDriver.execute(RemoteWebDriver.java:671)
	at org.openqa.selenium.remote.RemoteWebDriver.findElement(RemoteWebDriver.java:410)
	at org.openqa.selenium.remote.RemoteWebDriver.findElementById(RemoteWebDriver.java:453)
	at org.openqa.selenium.By$ById.findElement(By.java:218)
	at org.openqa.selenium.remote.RemoteWebDriver.findElement(RemoteWebDriver.java:402)
	at sun.reflect.NativeMethodAccessorImpl.invoke0(Native Method)
	at sun.reflect.NativeMethodAccessorImpl.invoke(NativeMethodAccessorImpl.java:62)
	at sun.reflect.DelegatingMethodAccessorImpl.invoke(DelegatingMethodAccessorImpl.java:43)
	at java.lang.reflect.Method.invoke(Method.java:498)
	at org.openqa.selenium.support.events.EventFiringWebDriver$2.invoke(EventFiringWebDriver.java:104)
	at com.sun.proxy.$Proxy6.findElement(Unknown Source)
	at org.openqa.selenium.support.events.EventFiringWebDriver.findElement(EventFiringWebDriver.java:188)
	at org.openqa.selenium.remote.server.handler.FindElement.call(FindElement.java:48)
	at org.openqa.selenium.remote.server.handler.FindElement.call(FindElement.java:33)
	at java.util.concurrent.FutureTask.run(FutureTask.java:266)
	at org.openqa.selenium.remote.server.DefaultSession$1.run(DefaultSession.java:176)
	... 3 more
]]>
            </full-stacktrace>
          </exception> <!-- org.openqa.selenium.NoSuchElementException -->
          <reporter-output>
          </reporter-output>
        </test-method> <!-- i_enter_valid_autoqa__hoh_charter_net_and_Testing_in_the_textboxes -->
        <test-method status="PASS" signature="i_should_be_able_to_login_into_Spectrum_portal()[pri:0, instance:sempra.demo.Login@6b143ee9]" name="i_should_be_able_to_login_into_Spectrum_portal" duration-ms="82374" started-at="2017-08-02T00:28:20Z" finished-at="2017-08-02T00:29:42Z">
          <reporter-output>
          </reporter-output>
        </test-method> <!-- i_should_be_able_to_login_into_Spectrum_portal -->
        <test-method status="PASS" signature="afterClass()[pri:0, instance:sempra.demo.Login@6b143ee9]" name="afterClass" is-config="true" duration-ms="126" started-at="2017-08-02T00:29:42Z" finished-at="2017-08-02T00:29:42Z">
          <reporter-output>
          </reporter-output>
        </test-method> <!-- afterClass -->
      </class> <!-- sempra.demo.Login -->
    </test> <!-- Test -->
  </suite> <!-- Suite -->
</testng-results>
